Arguments: 
  /home/phil/.nvm/versions/node/v7.5.0/bin/node /usr/share/yarn/bin/yarn.js add --dev tapbundle

PATH: 
  /home/phil/.nvm/versions/node/v7.5.0/bin:/home/phil/bin:/home/phil/.local/bin:/home/phil/bin:/home/phil/.local/bin:/usr/local/sbin:/usr/local/bin:/usr/sbin:/usr/bin:/sbin:/bin:/usr/games:/usr/local/games:/snap/bin:/snap/bin

Yarn version: 
  0.22.0

Node version: 
  7.5.0

Platform: 
  linux x64

npm manifest: 
  {
    "name": "smartstatus",
    "version": "1.0.0",
    "description": "status information in TypeScript",
    "main": "dist/index.js",
    "typings": "dist/index.d.ts",
    "scripts": {
      "test": "(npmts)"
    },
    "repository": {
      "type": "git",
      "url": "git+ssh://git@gitlab.com/pkunz/smartstatus.git"
    },
    "author": "Lossless GmbH",
    "license": "MIT",
    "bugs": {
      "url": "https://gitlab.com/pkunz/smartstatus/issues"
    },
    "homepage": "https://gitlab.com/pkunz/smartstatus#README"
  }

yarn manifest: 
  No manifest

Lockfile: 
  # THIS IS AN AUTOGENERATED FILE. DO NOT EDIT THIS FILE DIRECTLY.
  # yarn lockfile v1

Trace: 
  Error: https://registry.yarnpkg.com/@types/chai/-/chai-3.5.0.tgz: Request failed "503 Service Unavailable"
      at Request.handleRequestError (/usr/share/yarn/lib/fetchers/tarball-fetcher.js:231:20)
      at emitOne (events.js:96:13)
      at Request.emit (events.js:189:7)
      at Request.onRequestResponse (/usr/share/yarn/node_modules/request/request.js:1029:10)
      at emitOne (events.js:96:13)
      at ClientRequest.emit (events.js:189:7)
      at HTTPParser.parserOnIncomingClient (_http_client.js:522:21)
      at HTTPParser.parserOnHeadersComplete (_http_common.js:99:23)
      at TLSSocket.socketOnData (_http_client.js:411:20)
      at emitOne (events.js:96:13)
